TN:
SF:src/components/MediaPlayer/MediaPlayer.styles.ts
FNF:0
FNH:0
DA:4,1
DA:6,1
LF:2
LH:2
BRF:0
BRH:0
end_of_record
TN:
SF:src/components/MediaPlayer/MediaPlayer.tsx
FN:25,MediaPlayer
FN:36,(anonymous_1)
FN:37,(anonymous_2)
FN:46,(anonymous_3)
FN:50,(anonymous_4)
FN:51,(anonymous_5)
FN:62,(anonymous_6)
FN:76,(anonymous_7)
FN:79,(anonymous_8)
FN:85,(anonymous_9)
FN:96,(anonymous_10)
FN:97,(anonymous_11)
FN:121,(anonymous_12)
FN:123,(anonymous_13)
FNF:14
FNH:7
FNDA:3,MediaPlayer
FNDA:3,(anonymous_1)
FNDA:3,(anonymous_2)
FNDA:0,(anonymous_3)
FNDA:3,(anonymous_4)
FNDA:0,(anonymous_5)
FNDA:3,(anonymous_6)
FNDA:0,(anonymous_7)
FNDA:3,(anonymous_8)
FNDA:0,(anonymous_9)
FNDA:0,(anonymous_10)
FNDA:0,(anonymous_11)
FNDA:3,(anonymous_12)
FNDA:0,(anonymous_13)
DA:33,3
DA:34,3
DA:35,3
DA:36,3
DA:37,3
DA:38,3
DA:43,3
DA:46,3
DA:47,0
DA:50,3
DA:51,3
DA:54,0
DA:55,0
DA:56,0
DA:57,0
DA:62,3
DA:63,3
DA:71,3
DA:73,3
DA:76,0
DA:79,3
DA:80,3
DA:81,3
DA:85,3
DA:89,0
DA:90,0
DA:91,0
DA:93,0
DA:97,0
DA:98,0
DA:99,0
DA:102,0
DA:103,0
DA:104,0
DA:105,0
DA:110,0
DA:111,0
DA:112,0
DA:114,0
DA:117,0
DA:121,3
DA:122,3
DA:123,0
DA:124,0
DA:129,3
DA:130,1
DA:133,2
LF:47
LH:23
BRDA:39,0,0,0
BRDA:39,0,1,3
BRDA:54,1,0,0
BRDA:54,1,1,0
BRDA:54,2,0,0
BRDA:54,2,1,0
BRDA:56,3,0,0
BRDA:56,3,1,0
BRDA:56,4,0,0
BRDA:56,4,1,0
BRDA:90,5,0,0
BRDA:90,5,1,0
BRDA:90,6,0,0
BRDA:90,6,1,0
BRDA:98,7,0,0
BRDA:98,7,1,0
BRDA:98,8,0,0
BRDA:98,8,1,0
BRDA:102,9,0,0
BRDA:102,9,1,0
BRDA:102,10,0,0
BRDA:102,10,1,0
BRDA:122,11,0,0
BRDA:122,11,1,3
BRDA:122,12,0,3
BRDA:122,12,1,0
BRDA:129,13,0,1
BRDA:129,13,1,2
BRDA:143,14,0,2
BRDA:143,14,1,0
BRDA:146,15,0,2
BRDA:146,15,1,0
BRDA:155,16,0,0
BRDA:155,16,1,2
BRF:34
BRH:8
end_of_record
TN:
SF:src/components/MediaPlayer/MediaPlayer.utils.ts
FN:12,(anonymous_0)
FNF:1
FNH:1
FNDA:4,(anonymous_0)
DA:12,1
DA:13,4
DA:14,4
DA:16,4
DA:17,4
DA:20,0
DA:21,0
DA:25,0
DA:28,0
LF:9
LH:5
BRDA:12,0,0,4
BRDA:16,1,0,4
BRDA:16,1,1,0
BRDA:22,2,0,0
BRDA:22,2,1,0
BRDA:22,2,2,0
BRF:6
BRH:2
end_of_record
TN:
SF:src/components/SearchBar/SearchBar.styles.ts
FNF:0
FNH:0
DA:4,1
DA:6,1
LF:2
LH:2
BRF:0
BRH:0
end_of_record
TN:
SF:src/components/SearchBar/SearchBar.tsx
FN:9,SearchBar
FN:12,(anonymous_1)
FN:21,(anonymous_2)
FNF:3
FNH:3
FNDA:3,SearchBar
FNDA:1,(anonymous_1)
FNDA:1,(anonymous_2)
DA:10,3
DA:12,3
DA:13,1
DA:14,1
DA:17,3
DA:22,1
LF:6
LH:6
BRF:0
BRH:0
end_of_record
TN:
SF:src/components/SongList/SongList.styles.ts
FNF:0
FNH:0
DA:4,1
DA:6,1
LF:2
LH:2
BRF:0
BRH:0
end_of_record
TN:
SF:src/components/SongList/SongList.tsx
FN:25,SongList
FN:38,(anonymous_1)
FN:44,(anonymous_2)
FN:45,(anonymous_3)
FN:51,(anonymous_4)
FN:58,(anonymous_5)
FN:64,(anonymous_6)
FN:74,(anonymous_7)
FN:82,(anonymous_8)
FN:115,(anonymous_9)
FNF:10
FNH:6
FNDA:4,SongList
FNDA:3,(anonymous_1)
FNDA:0,(anonymous_2)
FNDA:0,(anonymous_3)
FNDA:0,(anonymous_4)
FNDA:0,(anonymous_5)
FNDA:2,(anonymous_6)
FNDA:8,(anonymous_7)
FNDA:3,(anonymous_8)
FNDA:8,(anonymous_9)
DA:36,4
DA:38,4
DA:39,3
DA:41,3
DA:42,2
DA:43,1
DA:44,1
DA:45,0
DA:46,0
DA:50,1
DA:51,1
DA:52,0
DA:56,1
DA:57,1
DA:58,1
DA:59,0
DA:64,4
DA:65,2
DA:66,0
DA:68,2
DA:69,1
DA:71,1
DA:74,4
DA:75,8
DA:83,3
DA:105,4
DA:115,8
LF:27
LH:22
BRDA:41,0,0,2
BRDA:41,0,1,1
BRDA:41,1,0,3
BRDA:41,1,1,2
BRDA:42,2,0,1
BRDA:42,2,1,1
BRDA:65,3,0,0
BRDA:65,3,1,2
BRDA:68,4,0,1
BRDA:68,4,1,1
BRDA:78,5,0,8
BRDA:78,5,1,2
BRDA:78,5,2,2
BRDA:93,6,0,8
BRDA:93,6,1,2
BRDA:93,6,2,2
BRDA:95,7,0,0
BRDA:95,7,1,2
BRDA:107,8,0,0
BRDA:107,8,1,4
BRF:20
BRH:17
end_of_record
TN:
SF:src/utils/colors.ts
FNF:0
FNH:0
DA:1,3
LF:1
LH:1
BRF:0
BRH:0
end_of_record
