TN:
SF:src/components/MediaPlayer/MediaPlayer.styles.ts
FNF:0
FNH:0
DA:5,1
DA:7,1
LF:2
LH:2
BRF:0
BRH:0
end_of_record
TN:
SF:src/components/MediaPlayer/MediaPlayer.tsx
FN:41,MediaPlayer
FN:55,(anonymous_1)
FN:57,(anonymous_2)
FN:66,(anonymous_3)
FN:72,(anonymous_4)
FN:73,(anonymous_5)
FN:87,(anonymous_6)
FN:98,(anonymous_7)
FN:99,(anonymous_8)
FN:115,(anonymous_9)
FN:129,(anonymous_10)
FN:132,(anonymous_11)
FN:146,(anonymous_12)
FN:157,(anonymous_13)
FN:158,(anonymous_14)
FN:182,(anonymous_15)
FN:184,(anonymous_16)
FNF:17
FNH:8
FNDA:3,MediaPlayer
FNDA:3,(anonymous_1)
FNDA:0,(anonymous_2)
FNDA:0,(anonymous_3)
FNDA:3,(anonymous_4)
FNDA:3,(anonymous_5)
FNDA:0,(anonymous_6)
FNDA:3,(anonymous_7)
FNDA:0,(anonymous_8)
FNDA:3,(anonymous_9)
FNDA:0,(anonymous_10)
FNDA:3,(anonymous_11)
FNDA:0,(anonymous_12)
FNDA:0,(anonymous_13)
FNDA:0,(anonymous_14)
FNDA:3,(anonymous_15)
FNDA:0,(anonymous_16)
DA:49,3
DA:50,3
DA:51,3
DA:53,3
DA:55,3
DA:56,3
DA:57,0
DA:58,0
DA:59,0
DA:60,0
DA:62,0
DA:66,0
DA:67,0
DA:72,3
DA:73,3
DA:74,3
DA:79,3
DA:87,3
DA:88,0
DA:98,3
DA:99,3
DA:102,0
DA:103,0
DA:104,0
DA:105,0
DA:115,3
DA:116,3
DA:124,3
DA:126,3
DA:129,0
DA:132,3
DA:133,3
DA:134,3
DA:146,3
DA:150,0
DA:151,0
DA:152,0
DA:154,0
DA:158,0
DA:159,0
DA:160,0
DA:163,0
DA:164,0
DA:165,0
DA:166,0
DA:171,0
DA:172,0
DA:173,0
DA:174,0
DA:175,0
DA:177,0
DA:182,3
DA:183,3
DA:184,0
DA:185,0
DA:190,3
DA:191,1
DA:194,2
LF:58
LH:26
BRDA:56,0,0,0
BRDA:56,0,1,3
BRDA:59,1,0,0
BRDA:59,1,1,0
BRDA:59,2,0,0
BRDA:59,2,1,0
BRDA:75,3,0,0
BRDA:75,3,1,3
BRDA:102,4,0,0
BRDA:102,4,1,0
BRDA:102,5,0,0
BRDA:102,5,1,0
BRDA:104,6,0,0
BRDA:104,6,1,0
BRDA:104,7,0,0
BRDA:104,7,1,0
BRDA:151,8,0,0
BRDA:151,8,1,0
BRDA:151,9,0,0
BRDA:151,9,1,0
BRDA:159,10,0,0
BRDA:159,10,1,0
BRDA:159,11,0,0
BRDA:159,11,1,0
BRDA:163,12,0,0
BRDA:163,12,1,0
BRDA:163,13,0,0
BRDA:163,13,1,0
BRDA:183,14,0,0
BRDA:183,14,1,3
BRDA:183,15,0,3
BRDA:183,15,1,0
BRDA:190,16,0,1
BRDA:190,16,1,2
BRDA:205,17,0,2
BRDA:205,17,1,0
BRDA:213,18,0,2
BRDA:213,18,1,0
BRDA:216,19,0,2
BRDA:216,19,1,0
BRDA:225,20,0,0
BRDA:225,20,1,2
BRF:42
BRH:10
end_of_record
TN:
SF:src/components/MediaPlayer/MediaPlayer.utils.ts
FN:12,(anonymous_0)
FNF:1
FNH:1
FNDA:4,(anonymous_0)
DA:12,1
DA:13,4
DA:14,4
DA:16,4
DA:17,4
DA:20,0
DA:21,0
DA:25,0
DA:28,0
LF:9
LH:5
BRDA:12,0,0,4
BRDA:16,1,0,4
BRDA:16,1,1,0
BRDA:22,2,0,0
BRDA:22,2,1,0
BRDA:22,2,2,0
BRF:6
BRH:2
end_of_record
TN:
SF:src/components/SearchBar/SearchBar.styles.ts
FNF:0
FNH:0
DA:4,1
DA:6,1
LF:2
LH:2
BRF:0
BRH:0
end_of_record
TN:
SF:src/components/SearchBar/SearchBar.tsx
FN:9,SearchBar
FN:12,(anonymous_1)
FN:21,(anonymous_2)
FNF:3
FNH:3
FNDA:3,SearchBar
FNDA:1,(anonymous_1)
FNDA:1,(anonymous_2)
DA:10,3
DA:12,3
DA:13,1
DA:14,1
DA:17,3
DA:22,1
LF:6
LH:6
BRF:0
BRH:0
end_of_record
TN:
SF:src/components/SongList/SongList.styles.ts
FNF:0
FNH:0
DA:60,1
DA:69,1
DA:71,1
LF:3
LH:3
BRF:0
BRH:0
end_of_record
TN:
SF:src/components/SongList/SongList.tsx
FN:25,SongList
FN:42,(anonymous_1)
FN:48,(anonymous_2)
FN:49,(anonymous_3)
FN:55,(anonymous_4)
FN:62,(anonymous_5)
FN:74,(anonymous_6)
FN:91,(anonymous_7)
FN:103,(anonymous_8)
FN:111,(anonymous_9)
FN:146,(anonymous_10)
FNF:11
FNH:7
FNDA:4,SongList
FNDA:3,(anonymous_1)
FNDA:0,(anonymous_2)
FNDA:0,(anonymous_3)
FNDA:0,(anonymous_4)
FNDA:0,(anonymous_5)
FNDA:2,(anonymous_6)
FNDA:8,(anonymous_7)
FNDA:8,(anonymous_8)
FNDA:3,(anonymous_9)
FNDA:8,(anonymous_10)
DA:36,4
DA:42,4
DA:43,3
DA:45,3
DA:46,2
DA:47,1
DA:48,1
DA:49,0
DA:50,0
DA:54,1
DA:55,1
DA:56,0
DA:60,1
DA:61,1
DA:62,1
DA:63,0
DA:74,4
DA:75,2
DA:76,0
DA:78,2
DA:79,1
DA:81,1
DA:91,4
DA:92,8
DA:93,8
DA:94,8
DA:103,4
DA:104,8
DA:112,3
DA:136,4
DA:146,8
LF:31
LH:26
BRDA:45,0,0,2
BRDA:45,0,1,1
BRDA:45,1,0,3
BRDA:45,1,1,2
BRDA:46,2,0,1
BRDA:46,2,1,1
BRDA:75,3,0,0
BRDA:75,3,1,2
BRDA:78,4,0,1
BRDA:78,4,1,1
BRDA:94,5,0,0
BRDA:94,5,1,8
BRDA:107,6,0,8
BRDA:107,6,1,2
BRDA:107,6,2,2
BRDA:124,7,0,8
BRDA:124,7,1,2
BRDA:124,7,2,2
BRDA:126,8,0,0
BRDA:126,8,1,2
BRDA:138,9,0,0
BRDA:138,9,1,4
BRF:22
BRH:18
end_of_record
TN:
SF:src/utils/colors.ts
FNF:0
FNH:0
DA:1,2
LF:1
LH:1
BRF:0
BRH:0
end_of_record
